<?xml version="1.0" encoding="UTF-8"?>
<!-- Generated by org.testng.reporters.JUnitXMLReporter -->
<testsuite ignored="0" hostname="DESKTOP-RG929E9" failures="0" tests="8" name="Surefire test" time="118.855" errors="0" timestamp="2024-05-11T06:10:35 AMT">
  <testcase classname="AddBasketTest" name="testAddBookToBasket" time="15.067"/>
  <testcase classname="QuantityChangeTest" name="testDecreaseItemQuantity" time="5.652"/>
  <testcase classname="QuantityChangeTest" name="testIncreaseItemQuantity" time="0.844"/>
  <testcase classname="SearchTest" name="testEmptySearchField" time="0.737"/>
  <testcase classname="SearchTest" name="testInvalidInput" time="6.011"/>
  <testcase classname="SearchTest" name="testValidInput" time="11.031"/>
  <testcase classname="SortTest" name="testSortByPriceHighToLow" time="3.754"/>
  <testcase classname="SortTest" name="testSortByPriceLowToHigh" time="3.978"/>
</testsuite> <!-- Surefire test -->
