<?xml version="1.0" encoding="UTF-8"?>
<testsuite xmlns:xsi="http://www.w3.org/2001/XMLSchema-instance" xsi:noNamespaceSchemaLocation="https://maven.apache.org/surefire/maven-surefire-plugin/xsd/surefire-test-report-3.0.xsd" version="3.0" name="TestSuite" time="122.016" tests="8" errors="0" skipped="0" failures="1">
  <properties>
[...]
</properties>
  <testcase name="testEmptySearchField" classname="SearchTest" time="1.458"/>
  <testcase name="testInvalidInput" classname="SearchTest" time="9.862"/>
  <testcase name="testValidInput" classname="SearchTest" time="1.504">
    <failure message="element click intercepted: Element &lt;button type=&quot;submit&quot; class=&quot;btn btn-search&quot;&gt;...&lt;/button&gt; is not clickable at point (1123, 65). Other element would receive the click: &lt;div class=&quot;page-loader&quot;&gt;...&lt;/div&gt;&#10;  (Session info: chrome=124.0.6367.201)&#10;Build info: version: &apos;4.20.0&apos;, revision: &apos;866c76ca80&apos;&#10;System info: os.name: &apos;Windows 10&apos;, os.arch: &apos;amd64&apos;, os.version: &apos;10.0&apos;, java.version: &apos;15.0.2&apos;&#10;Driver info: org.openqa.selenium.chrome.ChromeDriver&#10;Command: [c2b5ee0c1ea9ff9b1cc234f43cd72921, clickElement {id=f.35BE48496298EE0A101BEE99C9341358.d.F3063C5110E060C71DE8F0843625CBF4.e.16}]&#10;Capabilities {acceptInsecureCerts: false, browserName: chrome, browserVersion: 124.0.6367.201, chrome: {chromedriverVersion: 124.0.6367.201 (46cf136d27d..., userDataDir: C:\Users\Admin\AppData\Loca...}, fedcm:accounts: true, goog:chromeOptions: {debuggerAddress: localhost:51333}, networkConnectionEnabled: false, pageLoadStrategy: normal, platformName: windows, proxy: Proxy(), se:cdp: ws://localhost:51333/devtoo..., se:cdpVersion: 124.0.6367.201, setWindowRect: true, strictFileInteractability: false, timeouts: {implicit: 0, pageLoad: 300000, script: 30000}, unhandledPromptBehavior: dismiss and notify, webauthn:extension:credBlob: true, webauthn:extension:largeBlob: true, webauthn:extension:minPinLength: true, webauthn:extension:prf: true, webauthn:virtualAuthenticators: true}&#10;Element: [[ChromeDriver: chrome on windows (c2b5ee0c1ea9ff9b1cc234f43cd72921)] -&gt; css selector: button.btn.btn-search]&#10;Session ID: c2b5ee0c1ea9ff9b1cc234f43cd72921" type="org.openqa.selenium.ElementClickInterceptedException"><![CDATA[org.openqa.selenium.ElementClickInterceptedException: 
element click intercepted: Element <button type="submit" class="btn btn-search">...</button> is not clickable at point (1123, 65). Other element would receive the click: <div class="page-loader">...</div>
  (Session info: chrome=124.0.6367.201)
Build info: version: '4.20.0', revision: '866c76ca80'
System info: os.name: 'Windows 10', os.arch: 'amd64', os.version: '10.0', java.version: '15.0.2'
Driver info: org.openqa.selenium.chrome.ChromeDriver
Command: [c2b5ee0c1ea9ff9b1cc234f43cd72921, clickElement {id=f.35BE48496298EE0A101BEE99C9341358.d.F3063C5110E060C71DE8F0843625CBF4.e.16}]
Capabilities {acceptInsecureCerts: false, browserName: chrome, browserVersion: 124.0.6367.201, chrome: {chromedriverVersion: 124.0.6367.201 (46cf136d27d..., userDataDir: C:\Users\Admin\AppData\Loca...}, fedcm:accounts: true, goog:chromeOptions: {debuggerAddress: localhost:51333}, networkConnectionEnabled: false, pageLoadStrategy: normal, platformName: windows, proxy: Proxy(), se:cdp: ws://localhost:51333/devtoo..., se:cdpVersion: 124.0.6367.201, setWindowRect: true, strictFileInteractability: false, timeouts: {implicit: 0, pageLoad: 300000, script: 30000}, unhandledPromptBehavior: dismiss and notify, webauthn:extension:credBlob: true, webauthn:extension:largeBlob: true, webauthn:extension:minPinLength: true, webauthn:extension:prf: true, webauthn:virtualAuthenticators: true}
Element: [[ChromeDriver: chrome on windows (c2b5ee0c1ea9ff9b1cc234f43cd72921)] -> css selector: button.btn.btn-search]
Session ID: c2b5ee0c1ea9ff9b1cc234f43cd72921
	at SearchTest.testValidInput(SearchTest.java:40)
]]></failure>
  </testcase>
  <testcase name="testSortByPriceHighToLow" classname="SortTest" time="3.754"/>
  <testcase name="testSortByPriceLowToHigh" classname="SortTest" time="3.573"/>
  <testcase name="testAddBookToBasket" classname="AddBasketTest" time="17.009"/>
  <testcase name="testDecreaseItemQuantity" classname="QuantityChangeTest" time="5.139"/>
  <testcase name="testIncreaseItemQuantity" classname="QuantityChangeTest" time="0.758"/>
</testsuite>