<?xml version="1.0" encoding="UTF-8"?>
<testsuite xmlns:xsi="http://www.w3.org/2001/XMLSchema-instance" xsi:noNamespaceSchemaLocation="https://maven.apache.org/surefire/maven-surefire-plugin/xsd/surefire-test-report-3.0.xsd" version="3.0" name="TestSuite" time="124.654" tests="8" errors="0" skipped="0" failures="0">
  <properties>
[...]
</properties>
  <testcase name="testEmptySearchField" classname="SearchTest" time="2.083">
    <system-err><![CDATA[May 12, 2024 11:18:09 PM org.openqa.selenium.remote.tracing.opentelemetry.OpenTelemetryTracer createTracer
INFO: Using OpenTelemetry for tracing
]]></system-err>
  </testcase>
  <testcase name="testInvalidInput" classname="SearchTest" time="10.001"/>
  <testcase name="testValidInput" classname="SearchTest" time="8.697"/>
  <testcase name="testSortByPriceHighToLow" classname="SortTest" time="4.794"/>
  <testcase name="testSortByPriceLowToHigh" classname="SortTest" time="5.828"/>
  <testcase name="testAddBookToBasket" classname="AddBasketTest" time="13.884"/>
  <testcase name="testDecreaseItemQuantity" classname="QuantityChangeTest" time="5.43"/>
  <testcase name="testIncreaseItemQuantity" classname="QuantityChangeTest" time="0.959"/>
</testsuite>