<?xml version="1.0" encoding="UTF-8"?>
<testng-results ignored="0" total="8" passed="8" failed="0" skipped="0">
  <reporter-output>
  </reporter-output>
  <suite started-at="2024-05-12T23:18:09 AMT" name="Ordered Test Suite" finished-at="2024-05-12T23:20:13 AMT" duration-ms="123823">
    <groups>
    </groups>
    <test started-at="2024-05-12T23:18:09 AMT" name="Search Test" finished-at="2024-05-12T23:18:42 AMT" duration-ms="32734">
      <class name="SearchTest">
        <test-method is-config="true" signature="setupSuite()[pri:0, instance:SearchTest@3ba9ad43]" started-at="2024-05-12T23:18:09 AMT" name="setupSuite" finished-at="2024-05-12T23:18:14 AMT" duration-ms="4640" status="PASS">
          <reporter-output>
          </reporter-output>
        </test-method> <!-- setupSuite -->
        <test-method is-config="true" signature="methodSetup()[pri:0, instance:SearchTest@3ba9ad43]" started-at="2024-05-12T23:18:14 AMT" name="methodSetup" finished-at="2024-05-12T23:18:14 AMT" duration-ms="5" status="PASS">
          <reporter-output>
          </reporter-output>
        </test-method> <!-- methodSetup -->
        <test-method signature="testEmptySearchField()[pri:0, instance:SearchTest@3ba9ad43]" started-at="2024-05-12T23:18:14 AMT" name="testEmptySearchField" finished-at="2024-05-12T23:18:16 AMT" duration-ms="2089" status="PASS">
          <reporter-output>
          </reporter-output>
        </test-method> <!-- testEmptySearchField -->
        <test-method is-config="true" signature="takeScreenshotOnFailure(org.testng.ITestResult)[pri:0, instance:SearchTest@3ba9ad43]" started-at="2024-05-12T23:18:16 AMT" name="takeScreenshotOnFailure" finished-at="2024-05-12T23:18:16 AMT" duration-ms="3" status="PASS">
          <params>
            <param index="0">
              <value>
                <![CDATA[[TestResult name=testEmptySearchField status=SUCCESS method=SearchTest.testEmptySearchField()[pri:0, instance:SearchTest@3ba9ad43] output={null}]]]>
              </value>
            </param>
          </params>
          <reporter-output>
          </reporter-output>
        </test-method> <!-- takeScreenshotOnFailure -->
        <test-method is-config="true" signature="teardownSuite()[pri:0, instance:SearchTest@3ba9ad43]" started-at="2024-05-12T23:18:16 AMT" name="teardownSuite" finished-at="2024-05-12T23:18:16 AMT" duration-ms="225" status="PASS">
          <reporter-output>
          </reporter-output>
        </test-method> <!-- teardownSuite -->
        <test-method is-config="true" signature="setupSuite()[pri:0, instance:SearchTest@3ba9ad43]" started-at="2024-05-12T23:18:16 AMT" name="setupSuite" finished-at="2024-05-12T23:18:21 AMT" duration-ms="4390" status="PASS">
          <reporter-output>
          </reporter-output>
        </test-method> <!-- setupSuite -->
        <test-method is-config="true" signature="methodSetup()[pri:0, instance:SearchTest@3ba9ad43]" started-at="2024-05-12T23:18:21 AMT" name="methodSetup" finished-at="2024-05-12T23:18:21 AMT" duration-ms="2" status="PASS">
          <reporter-output>
          </reporter-output>
        </test-method> <!-- methodSetup -->
        <test-method signature="testInvalidInput()[pri:0, instance:SearchTest@3ba9ad43]" started-at="2024-05-12T23:18:21 AMT" name="testInvalidInput" finished-at="2024-05-12T23:18:31 AMT" duration-ms="10000" status="PASS">
          <reporter-output>
          </reporter-output>
        </test-method> <!-- testInvalidInput -->
        <test-method is-config="true" signature="takeScreenshotOnFailure(org.testng.ITestResult)[pri:0, instance:SearchTest@3ba9ad43]" started-at="2024-05-12T23:18:31 AMT" name="takeScreenshotOnFailure" finished-at="2024-05-12T23:18:31 AMT" duration-ms="1" status="PASS">
          <params>
            <param index="0">
              <value>
                <![CDATA[[TestResult name=testInvalidInput status=SUCCESS method=SearchTest.testInvalidInput()[pri:0, instance:SearchTest@3ba9ad43] output={null}]]]>
              </value>
            </param>
          </params>
          <reporter-output>
          </reporter-output>
        </test-method> <!-- takeScreenshotOnFailure -->
        <test-method is-config="true" signature="teardownSuite()[pri:0, instance:SearchTest@3ba9ad43]" started-at="2024-05-12T23:18:31 AMT" name="teardownSuite" finished-at="2024-05-12T23:18:31 AMT" duration-ms="154" status="PASS">
          <reporter-output>
          </reporter-output>
        </test-method> <!-- teardownSuite -->
        <test-method is-config="true" signature="setupSuite()[pri:0, instance:SearchTest@3ba9ad43]" started-at="2024-05-12T23:18:31 AMT" name="setupSuite" finished-at="2024-05-12T23:18:33 AMT" duration-ms="2377" status="PASS">
          <reporter-output>
          </reporter-output>
        </test-method> <!-- setupSuite -->
        <test-method is-config="true" signature="methodSetup()[pri:0, instance:SearchTest@3ba9ad43]" started-at="2024-05-12T23:18:33 AMT" name="methodSetup" finished-at="2024-05-12T23:18:33 AMT" duration-ms="3" status="PASS">
          <reporter-output>
          </reporter-output>
        </test-method> <!-- methodSetup -->
        <test-method signature="testValidInput()[pri:0, instance:SearchTest@3ba9ad43]" started-at="2024-05-12T23:18:33 AMT" name="testValidInput" finished-at="2024-05-12T23:18:42 AMT" duration-ms="8698" status="PASS">
          <reporter-output>
          </reporter-output>
        </test-method> <!-- testValidInput -->
        <test-method is-config="true" signature="takeScreenshotOnFailure(org.testng.ITestResult)[pri:0, instance:SearchTest@3ba9ad43]" started-at="2024-05-12T23:18:42 AMT" name="takeScreenshotOnFailure" finished-at="2024-05-12T23:18:42 AMT" duration-ms="1" status="PASS">
          <params>
            <param index="0">
              <value>
                <![CDATA[[TestResult name=testValidInput status=SUCCESS method=SearchTest.testValidInput()[pri:0, instance:SearchTest@3ba9ad43] output={null}]]]>
              </value>
            </param>
          </params>
          <reporter-output>
          </reporter-output>
        </test-method> <!-- takeScreenshotOnFailure -->
        <test-method is-config="true" signature="teardownSuite()[pri:0, instance:SearchTest@3ba9ad43]" started-at="2024-05-12T23:18:42 AMT" name="teardownSuite" finished-at="2024-05-12T23:18:42 AMT" duration-ms="94" status="PASS">
          <reporter-output>
          </reporter-output>
        </test-method> <!-- teardownSuite -->
      </class> <!-- SearchTest -->
    </test> <!-- Search Test -->
    <test started-at="2024-05-12T23:18:42 AMT" name="Sort Test" finished-at="2024-05-12T23:19:18 AMT" duration-ms="36139">
      <class name="SortTest">
        <test-method is-config="true" signature="setupSuite()[pri:0, instance:SortTest@441772e]" started-at="2024-05-12T23:18:42 AMT" name="setupSuite" finished-at="2024-05-12T23:18:45 AMT" duration-ms="3193" status="PASS">
          <reporter-output>
          </reporter-output>
        </test-method> <!-- setupSuite -->
        <test-method is-config="true" signature="setupSortPage()[pri:0, instance:SortTest@441772e]" started-at="2024-05-12T23:18:45 AMT" name="setupSortPage" finished-at="2024-05-12T23:18:54 AMT" duration-ms="8312" status="PASS">
          <reporter-output>
          </reporter-output>
        </test-method> <!-- setupSortPage -->
        <test-method signature="testSortByPriceHighToLow()[pri:0, instance:SortTest@441772e]" started-at="2024-05-12T23:18:54 AMT" name="testSortByPriceHighToLow" finished-at="2024-05-12T23:18:58 AMT" duration-ms="4794" status="PASS">
          <reporter-output>
          </reporter-output>
        </test-method> <!-- testSortByPriceHighToLow -->
        <test-method is-config="true" signature="takeScreenshotOnFailure(org.testng.ITestResult)[pri:0, instance:SortTest@441772e]" started-at="2024-05-12T23:18:58 AMT" name="takeScreenshotOnFailure" finished-at="2024-05-12T23:18:58 AMT" duration-ms="0" status="PASS">
          <params>
            <param index="0">
              <value>
                <![CDATA[[TestResult name=testSortByPriceHighToLow status=SUCCESS method=SortTest.testSortByPriceHighToLow()[pri:0, instance:SortTest@441772e] output={null}]]]>
              </value>
            </param>
          </params>
          <reporter-output>
          </reporter-output>
        </test-method> <!-- takeScreenshotOnFailure -->
        <test-method is-config="true" signature="teardownSuite()[pri:0, instance:SortTest@441772e]" started-at="2024-05-12T23:18:58 AMT" name="teardownSuite" finished-at="2024-05-12T23:18:59 AMT" duration-ms="98" status="PASS">
          <reporter-output>
          </reporter-output>
        </test-method> <!-- teardownSuite -->
        <test-method is-config="true" signature="setupSuite()[pri:0, instance:SortTest@441772e]" started-at="2024-05-12T23:18:59 AMT" name="setupSuite" finished-at="2024-05-12T23:19:03 AMT" duration-ms="4795" status="PASS">
          <reporter-output>
          </reporter-output>
        </test-method> <!-- setupSuite -->
        <test-method is-config="true" signature="setupSortPage()[pri:0, instance:SortTest@441772e]" started-at="2024-05-12T23:19:03 AMT" name="setupSortPage" finished-at="2024-05-12T23:19:12 AMT" duration-ms="8959" status="PASS">
          <reporter-output>
          </reporter-output>
        </test-method> <!-- setupSortPage -->
        <test-method signature="testSortByPriceLowToHigh()[pri:0, instance:SortTest@441772e]" started-at="2024-05-12T23:19:12 AMT" name="testSortByPriceLowToHigh" finished-at="2024-05-12T23:19:18 AMT" duration-ms="5828" status="PASS">
          <reporter-output>
          </reporter-output>
        </test-method> <!-- testSortByPriceLowToHigh -->
        <test-method is-config="true" signature="takeScreenshotOnFailure(org.testng.ITestResult)[pri:0, instance:SortTest@441772e]" started-at="2024-05-12T23:19:18 AMT" name="takeScreenshotOnFailure" finished-at="2024-05-12T23:19:18 AMT" duration-ms="1" status="PASS">
          <params>
            <param index="0">
              <value>
                <![CDATA[[TestResult name=testSortByPriceLowToHigh status=SUCCESS method=SortTest.testSortByPriceLowToHigh()[pri:0, instance:SortTest@441772e] output={null}]]]>
              </value>
            </param>
          </params>
          <reporter-output>
          </reporter-output>
        </test-method> <!-- takeScreenshotOnFailure -->
        <test-method is-config="true" signature="teardownSuite()[pri:0, instance:SortTest@441772e]" started-at="2024-05-12T23:19:18 AMT" name="teardownSuite" finished-at="2024-05-12T23:19:18 AMT" duration-ms="147" status="PASS">
          <reporter-output>
          </reporter-output>
        </test-method> <!-- teardownSuite -->
      </class> <!-- SortTest -->
    </test> <!-- Sort Test -->
    <test started-at="2024-05-12T23:19:18 AMT" name="Add Basket Test" finished-at="2024-05-12T23:19:35 AMT" duration-ms="16431">
      <class name="AddBasketTest">
        <test-method is-config="true" signature="setupSuite()[pri:0, instance:AddBasketTest@14dd9eb7]" started-at="2024-05-12T23:19:18 AMT" name="setupSuite" finished-at="2024-05-12T23:19:21 AMT" duration-ms="2389" status="PASS">
          <reporter-output>
          </reporter-output>
        </test-method> <!-- setupSuite -->
        <test-method is-config="true" signature="setupPages()[pri:0, instance:AddBasketTest@14dd9eb7]" started-at="2024-05-12T23:19:21 AMT" name="setupPages" finished-at="2024-05-12T23:19:21 AMT" duration-ms="4" status="PASS">
          <reporter-output>
          </reporter-output>
        </test-method> <!-- setupPages -->
        <test-method signature="testAddBookToBasket()[pri:0, instance:AddBasketTest@14dd9eb7]" started-at="2024-05-12T23:19:21 AMT" name="testAddBookToBasket" finished-at="2024-05-12T23:19:35 AMT" duration-ms="13884" status="PASS">
          <reporter-output>
          </reporter-output>
        </test-method> <!-- testAddBookToBasket -->
        <test-method is-config="true" signature="takeScreenshotOnFailure(org.testng.ITestResult)[pri:0, instance:AddBasketTest@14dd9eb7]" started-at="2024-05-12T23:19:35 AMT" name="takeScreenshotOnFailure" finished-at="2024-05-12T23:19:35 AMT" duration-ms="0" status="PASS">
          <params>
            <param index="0">
              <value>
                <![CDATA[[TestResult name=testAddBookToBasket status=SUCCESS method=AddBasketTest.testAddBookToBasket()[pri:0, instance:AddBasketTest@14dd9eb7] output={null}]]]>
              </value>
            </param>
          </params>
          <reporter-output>
          </reporter-output>
        </test-method> <!-- takeScreenshotOnFailure -->
        <test-method is-config="true" signature="teardownSuite()[pri:0, instance:AddBasketTest@14dd9eb7]" started-at="2024-05-12T23:19:35 AMT" name="teardownSuite" finished-at="2024-05-12T23:19:35 AMT" duration-ms="148" status="PASS">
          <reporter-output>
          </reporter-output>
        </test-method> <!-- teardownSuite -->
      </class> <!-- AddBasketTest -->
    </test> <!-- Add Basket Test -->
    <test started-at="2024-05-12T23:19:35 AMT" name="Quantity Change Test" finished-at="2024-05-12T23:20:13 AMT" duration-ms="38349">
      <class name="QuantityChangeTest">
        <test-method is-config="true" signature="setupSuite()[pri:0, instance:QuantityChangeTest@2e005c4b]" started-at="2024-05-12T23:19:35 AMT" name="setupSuite" finished-at="2024-05-12T23:19:37 AMT" duration-ms="2644" status="PASS">
          <reporter-output>
          </reporter-output>
        </test-method> <!-- setupSuite -->
        <test-method is-config="true" signature="setUp()[pri:0, instance:QuantityChangeTest@2e005c4b]" started-at="2024-05-12T23:19:37 AMT" name="setUp" finished-at="2024-05-12T23:19:51 AMT" duration-ms="13953" status="PASS">
          <reporter-output>
          </reporter-output>
        </test-method> <!-- setUp -->
        <test-method signature="testDecreaseItemQuantity()[pri:0, instance:QuantityChangeTest@2e005c4b]" started-at="2024-05-12T23:19:51 AMT" name="testDecreaseItemQuantity" finished-at="2024-05-12T23:19:57 AMT" duration-ms="5430" status="PASS">
          <reporter-output>
          </reporter-output>
        </test-method> <!-- testDecreaseItemQuantity -->
        <test-method is-config="true" signature="takeScreenshotOnFailure(org.testng.ITestResult)[pri:0, instance:QuantityChangeTest@2e005c4b]" started-at="2024-05-12T23:19:57 AMT" name="takeScreenshotOnFailure" finished-at="2024-05-12T23:19:57 AMT" duration-ms="0" status="PASS">
          <params>
            <param index="0">
              <value>
                <![CDATA[[TestResult name=testDecreaseItemQuantity status=SUCCESS method=QuantityChangeTest.testDecreaseItemQuantity()[pri:0, instance:QuantityChangeTest@2e005c4b] output={null}]]]>
              </value>
            </param>
          </params>
          <reporter-output>
          </reporter-output>
        </test-method> <!-- takeScreenshotOnFailure -->
        <test-method is-config="true" signature="teardownSuite()[pri:0, instance:QuantityChangeTest@2e005c4b]" started-at="2024-05-12T23:19:57 AMT" name="teardownSuite" finished-at="2024-05-12T23:19:57 AMT" duration-ms="145" status="PASS">
          <reporter-output>
          </reporter-output>
        </test-method> <!-- teardownSuite -->
        <test-method is-config="true" signature="setupSuite()[pri:0, instance:QuantityChangeTest@2e005c4b]" started-at="2024-05-12T23:19:57 AMT" name="setupSuite" finished-at="2024-05-12T23:19:59 AMT" duration-ms="2228" status="PASS">
          <reporter-output>
          </reporter-output>
        </test-method> <!-- setupSuite -->
        <test-method is-config="true" signature="setUp()[pri:0, instance:QuantityChangeTest@2e005c4b]" started-at="2024-05-12T23:19:59 AMT" name="setUp" finished-at="2024-05-12T23:20:12 AMT" duration-ms="12892" status="PASS">
          <reporter-output>
          </reporter-output>
        </test-method> <!-- setUp -->
        <test-method signature="testIncreaseItemQuantity()[pri:0, instance:QuantityChangeTest@2e005c4b]" started-at="2024-05-12T23:20:12 AMT" name="testIncreaseItemQuantity" finished-at="2024-05-12T23:20:13 AMT" duration-ms="959" status="PASS">
          <reporter-output>
          </reporter-output>
        </test-method> <!-- testIncreaseItemQuantity -->
        <test-method is-config="true" signature="takeScreenshotOnFailure(org.testng.ITestResult)[pri:0, instance:QuantityChangeTest@2e005c4b]" started-at="2024-05-12T23:20:13 AMT" name="takeScreenshotOnFailure" finished-at="2024-05-12T23:20:13 AMT" duration-ms="1" status="PASS">
          <params>
            <param index="0">
              <value>
                <![CDATA[[TestResult name=testIncreaseItemQuantity status=SUCCESS method=QuantityChangeTest.testIncreaseItemQuantity()[pri:0, instance:QuantityChangeTest@2e005c4b] output={null}]]]>
              </value>
            </param>
          </params>
          <reporter-output>
          </reporter-output>
        </test-method> <!-- takeScreenshotOnFailure -->
        <test-method is-config="true" signature="teardownSuite()[pri:0, instance:QuantityChangeTest@2e005c4b]" started-at="2024-05-12T23:20:13 AMT" name="teardownSuite" finished-at="2024-05-12T23:20:13 AMT" duration-ms="90" status="PASS">
          <reporter-output>
          </reporter-output>
        </test-method> <!-- teardownSuite -->
      </class> <!-- QuantityChangeTest -->
    </test> <!-- Quantity Change Test -->
  </suite> <!-- Ordered Test Suite -->
</testng-results>
