<?xml version="1.0" encoding="UTF-8"?>
<!-- Generated by org.testng.reporters.JUnitXMLReporter -->
<testsuite ignored="0" hostname="DESKTOP-RG929E9" failures="0" tests="3" name="Search Test" time="32.734" errors="0" timestamp="2024-05-12T23:18:42 AMT">
  <testcase classname="SearchTest" name="testEmptySearchField" time="2.089"/>
  <testcase classname="SearchTest" name="testInvalidInput" time="10.0"/>
  <testcase classname="SearchTest" name="testValidInput" time="8.698"/>
</testsuite> <!-- Search Test -->
