<?xml version="1.0" encoding="UTF-8"?>
<!-- Generated by org.testng.reporters.JUnitXMLReporter -->
<testsuite ignored="0" hostname="DESKTOP-RG929E9" failures="0" tests="2" name="Sort Test" time="330.48" errors="0" timestamp="2024-05-11T06:57:06 AMT">
  <testcase classname="SortTest" name="testSortByPriceHighToLow" time="4.132"/>
  <testcase classname="SortTest" name="testSortByPriceLowToHigh" time="0.0">
    <skipped/>
  </testcase> <!-- testSortByPriceLowToHigh -->
</testsuite> <!-- Sort Test -->
